2017-10-10 16:59:51.730  INFO 12933 --- [main] c.e.s.c.d.DataCastleApplication          : Starting DataCastleApplication on yang with PID 12933 (/home/yang/idea_work_space/data_castle/out/production/classes started by yang in /home/yang/idea_work_space/data_castle)
2017-10-10 16:59:51.733  INFO 12933 --- [main] c.e.s.c.d.DataCastleApplication          : No active profile set, falling back to default profiles: default
2017-10-10 16:59:51.809  INFO 12933 --- [main] ationConfigEmbeddedWebApplicationContext : Refreshing org.springframework.boot.context.embedded.AnnotationConfigEmbeddedWebApplicationContext@43195e57: startup date [Tue Oct 10 16:59:51 CST 2017]; root of context hierarchy
2017-10-10 16:59:52.764  INFO 12933 --- [main] .s.d.r.c.RepositoryConfigurationDelegate : Multiple Spring Data modules found, entering strict repository configuration mode!
2017-10-10 16:59:53.632  INFO 12933 --- [main] s.b.c.e.t.TomcatEmbeddedServletContainer : Tomcat initialized with port(s): 8796 (http)
2017-10-10 16:59:53.652  INFO 12933 --- [main] o.apache.catalina.core.StandardService   : Starting service [Tomcat]
2017-10-10 16:59:53.653  INFO 12933 --- [main] org.apache.catalina.core.StandardEngine  : Starting Servlet Engine: Apache Tomcat/8.5.20
2017-10-10 16:59:53.709  INFO 12933 --- [localhost-startStop-1] o.a.c.c.C.[Tomcat].[localhost].[/]       : Initializing Spring embedded WebApplicationContext
2017-10-10 16:59:53.709  INFO 12933 --- [localhost-startStop-1] o.s.web.context.ContextLoader            : Root WebApplicationContext: initialization completed in 1904 ms
2017-10-10 16:59:53.821  INFO 12933 --- [localhost-startStop-1] o.s.b.w.servlet.FilterRegistrationBean   : Mapping filter: 'characterEncodingFilter' to: [/*]
2017-10-10 16:59:53.822  INFO 12933 --- [localhost-startStop-1] .s.DelegatingFilterProxyRegistrationBean : Mapping filter: 'springSecurityFilterChain' to: [/*]
2017-10-10 16:59:53.822  INFO 12933 --- [localhost-startStop-1] o.s.b.w.servlet.ServletRegistrationBean  : Mapping servlet: 'dispatcherServlet' to [/]
2017-10-10 16:59:54.485  INFO 12933 --- [main] s.w.s.m.m.a.RequestMappingHandlerMapping : Mapped "{[/dataCastle/user/verifyCode],methods=[GET]}" onto public org.springframework.http.ResponseEntity<?> cn.edu.swpu.cins.data_castle.controller.AuthController.getVerifyCodeForLogin(javax.servlet.http.HttpServletResponse)
2017-10-10 16:59:54.486  INFO 12933 --- [main] s.w.s.m.m.a.RequestMappingHandlerMapping : Mapped "{[/dataCastle/user/signUp],methods=[POST]}" onto public org.springframework.http.ResponseEntity<?> cn.edu.swpu.cins.data_castle.controller.AuthController.userRegister(cn.edu.swpu.cins.data_castle.entity.dto.SignUp,java.lang.String) throws javax.mail.MessagingException
2017-10-10 16:59:54.486  INFO 12933 --- [main] s.w.s.m.m.a.RequestMappingHandlerMapping : Mapped "{[/dataCastle/user/signIn],methods=[POST]}" onto public org.springframework.http.ResponseEntity<?> cn.edu.swpu.cins.data_castle.controller.AuthController.userLogin(cn.edu.swpu.cins.data_castle.entity.dto.SignInUser,java.lang.String)
2017-10-10 16:59:54.487  INFO 12933 --- [main] s.w.s.m.m.a.RequestMappingHandlerMapping : Mapped "{[/dataCastle/user/enable],methods=[GET]}" onto public org.springframework.http.ResponseEntity<?> cn.edu.swpu.cins.data_castle.controller.AuthController.userEnable(java.lang.String,java.lang.String)
2017-10-10 16:59:54.488  INFO 12933 --- [main] s.w.s.m.m.a.RequestMappingHandlerMapping : Mapped "{[/dataCastle/match/team],methods=[POST]}" onto public org.springframework.http.ResponseEntity<?> cn.edu.swpu.cins.data_castle.controller.MatchController.createTeam(cn.edu.swpu.cins.data_castle.entity.dto.MatchTeam) throws cn.edu.swpu.cins.data_castle.exception.MatchException
2017-10-10 16:59:54.488  INFO 12933 --- [main] s.w.s.m.m.a.RequestMappingHandlerMapping : Mapped "{[/dataCastle/match/answer],methods=[POST]}" onto public org.springframework.http.ResponseEntity<?> cn.edu.swpu.cins.data_castle.controller.MatchController.uploadFile(java.lang.String,org.springframework.web.multipart.MultipartFile)
2017-10-10 16:59:54.488  INFO 12933 --- [main] s.w.s.m.m.a.RequestMappingHandlerMapping : Mapped "{[/dataCastle/match/rankList],methods=[GET]}" onto public org.springframework.http.ResponseEntity<?> cn.edu.swpu.cins.data_castle.controller.MatchController.getRankList()
2017-10-10 16:59:54.490  INFO 12933 --- [main] s.w.s.m.m.a.RequestMappingHandlerMapping : Mapped "{[/error],produces=[text/html]}" onto public org.springframework.web.servlet.ModelAndView org.springframework.boot.autoconfigure.web.BasicErrorController.errorHtml(javax.servlet.http.HttpServletRequest,javax.servlet.http.HttpServletResponse)
2017-10-10 16:59:54.491  INFO 12933 --- [main] s.w.s.m.m.a.RequestMappingHandlerMapping : Mapped "{[/error]}" onto public org.springframework.http.ResponseEntity<java.util.Map<java.lang.String, java.lang.Object>> org.springframework.boot.autoconfigure.web.BasicErrorController.error(javax.servlet.http.HttpServletRequest)
2017-10-10 16:59:54.600  INFO 12933 --- [main] s.w.s.m.m.a.RequestMappingHandlerAdapter : Looking for @ControllerAdvice: org.springframework.boot.context.embedded.AnnotationConfigEmbeddedWebApplicationContext@43195e57: startup date [Tue Oct 10 16:59:51 CST 2017]; root of context hierarchy
2017-10-10 16:59:54.709  INFO 12933 --- [main] b.a.s.AuthenticationManagerConfiguration : 

Using default security password: 4164f1f3-8048-4b2a-8637-b8b28f753f0f

2017-10-10 16:59:54.985  INFO 12933 --- [main] o.s.s.web.DefaultSecurityFilterChain     : Creating filter chain: org.springframework.security.web.util.matcher.AnyRequestMatcher@1, [org.springframework.security.web.context.request.async.WebAsyncManagerIntegrationFilter@28ee7bee, org.springframework.security.web.context.SecurityContextPersistenceFilter@49f40c00, org.springframework.security.web.header.HeaderWriterFilter@107bfcb2, org.springframework.security.web.authentication.logout.LogoutFilter@485e13d7, org.springframework.security.web.savedrequest.RequestCacheAwareFilter@52d6d273, org.springframework.security.web.servletapi.SecurityContextHolderAwareRequestFilter@6f044c58, org.springframework.security.web.authentication.AnonymousAuthenticationFilter@1b5a1d85, org.springframework.security.web.session.SessionManagementFilter@1806bc4c, org.springframework.security.web.access.ExceptionTranslationFilter@6232ffdb, org.springframework.security.web.access.intercept.FilterSecurityInterceptor@36aa52d2]
2017-10-10 16:59:55.659  INFO 12933 --- [main] o.s.j.e.a.AnnotationMBeanExporter        : Registering beans for JMX exposure on startup
2017-10-10 16:59:55.704  INFO 12933 --- [main] s.b.c.e.t.TomcatEmbeddedServletContainer : Tomcat started on port(s): 8796 (http)
2017-10-10 16:59:55.708  INFO 12933 --- [main] c.e.s.c.d.DataCastleApplication          : Started DataCastleApplication in 4.377 seconds (JVM running for 4.875)
2017-10-10 21:30:16.533  INFO 12933 --- [Thread-6] ationConfigEmbeddedWebApplicationContext : Closing org.springframework.boot.context.embedded.AnnotationConfigEmbeddedWebApplicationContext@43195e57: startup date [Tue Oct 10 16:59:51 CST 2017]; root of context hierarchy
2017-10-10 21:30:16.540  INFO 12933 --- [Thread-6] o.s.j.e.a.AnnotationMBeanExporter        : Unregistering JMX-exposed beans on shutdown
2017-10-11 10:38:56.409  INFO 5723 --- [main] c.e.s.c.d.DataCastleApplication          : Starting DataCastleApplication on yang with PID 5723 (/home/yang/idea_work_space/data_castle/out/production/classes started by yang in /home/yang/idea_work_space/data_castle)
2017-10-11 10:38:56.413  INFO 5723 --- [main] c.e.s.c.d.DataCastleApplication          : No active profile set, falling back to default profiles: default
2017-10-11 10:38:56.526  INFO 5723 --- [main] ationConfigEmbeddedWebApplicationContext : Refreshing org.springframework.boot.context.embedded.AnnotationConfigEmbeddedWebApplicationContext@6b81ce95: startup date [Wed Oct 11 10:38:56 CST 2017]; root of context hierarchy
2017-10-11 10:38:57.991  INFO 5723 --- [main] .s.d.r.c.RepositoryConfigurationDelegate : Multiple Spring Data modules found, entering strict repository configuration mode!
2017-10-11 10:38:58.929  INFO 5723 --- [main] s.b.c.e.t.TomcatEmbeddedServletContainer : Tomcat initialized with port(s): 8796 (http)
2017-10-11 10:38:58.943  INFO 5723 --- [main] o.apache.catalina.core.StandardService   : Starting service [Tomcat]
2017-10-11 10:38:58.944  INFO 5723 --- [main] org.apache.catalina.core.StandardEngine  : Starting Servlet Engine: Apache Tomcat/8.5.20
2017-10-11 10:38:59.023  INFO 5723 --- [localhost-startStop-1] o.a.c.c.C.[Tomcat].[localhost].[/]       : Initializing Spring embedded WebApplicationContext
2017-10-11 10:38:59.023  INFO 5723 --- [localhost-startStop-1] o.s.web.context.ContextLoader            : Root WebApplicationContext: initialization completed in 2501 ms
2017-10-11 10:38:59.298  INFO 5723 --- [localhost-startStop-1] o.s.b.w.servlet.FilterRegistrationBean   : Mapping filter: 'metricsFilter' to: [/*]
2017-10-11 10:38:59.298  INFO 5723 --- [localhost-startStop-1] o.s.b.w.servlet.FilterRegistrationBean   : Mapping filter: 'characterEncodingFilter' to: [/*]
2017-10-11 10:38:59.299  INFO 5723 --- [localhost-startStop-1] .s.DelegatingFilterProxyRegistrationBean : Mapping filter: 'springSecurityFilterChain' to: [/*]
2017-10-11 10:38:59.299  INFO 5723 --- [localhost-startStop-1] o.s.b.w.servlet.FilterRegistrationBean   : Mapping filter: 'webRequestLoggingFilter' to: [/*]
2017-10-11 10:38:59.299  INFO 5723 --- [localhost-startStop-1] o.s.b.w.servlet.FilterRegistrationBean   : Mapping filter: 'applicationContextIdFilter' to: [/*]
2017-10-11 10:38:59.299  INFO 5723 --- [localhost-startStop-1] o.s.b.w.servlet.ServletRegistrationBean  : Mapping servlet: 'dispatcherServlet' to [/]
2017-10-11 10:38:59.417 ERROR 5723 --- [Thread-2] c.e.s.c.data_castle.utils.JedisAdapter   : 发生异常Could not get a resource from the pool
2017-10-11 10:39:00.477  INFO 5723 --- [main] s.w.s.m.m.a.RequestMappingHandlerMapping : Mapped "{[/dataCastle/user/verifyCode],methods=[GET]}" onto public org.springframework.http.ResponseEntity<?> cn.edu.swpu.cins.data_castle.controller.AuthController.getVerifyCodeForLogin(javax.servlet.http.HttpServletResponse)
2017-10-11 10:39:00.478  INFO 5723 --- [main] s.w.s.m.m.a.RequestMappingHandlerMapping : Mapped "{[/dataCastle/user/signUp],methods=[POST]}" onto public org.springframework.http.ResponseEntity<?> cn.edu.swpu.cins.data_castle.controller.AuthController.userRegister(cn.edu.swpu.cins.data_castle.entity.dto.SignUp,java.lang.String) throws javax.mail.MessagingException
2017-10-11 10:39:00.478  INFO 5723 --- [main] s.w.s.m.m.a.RequestMappingHandlerMapping : Mapped "{[/dataCastle/user/signIn],methods=[POST]}" onto public org.springframework.http.ResponseEntity<?> cn.edu.swpu.cins.data_castle.controller.AuthController.userLogin(cn.edu.swpu.cins.data_castle.entity.dto.SignInUser,java.lang.String)
2017-10-11 10:39:00.478  INFO 5723 --- [main] s.w.s.m.m.a.RequestMappingHandlerMapping : Mapped "{[/dataCastle/user/enable],methods=[GET]}" onto public org.springframework.http.ResponseEntity<?> cn.edu.swpu.cins.data_castle.controller.AuthController.userEnable(java.lang.String,java.lang.String)
2017-10-11 10:39:00.479  INFO 5723 --- [main] s.w.s.m.m.a.RequestMappingHandlerMapping : Mapped "{[/dataCastle/match/team],methods=[POST]}" onto public org.springframework.http.ResponseEntity<?> cn.edu.swpu.cins.data_castle.controller.MatchController.createTeam(cn.edu.swpu.cins.data_castle.entity.dto.MatchTeam) throws cn.edu.swpu.cins.data_castle.exception.MatchException
2017-10-11 10:39:00.480  INFO 5723 --- [main] s.w.s.m.m.a.RequestMappingHandlerMapping : Mapped "{[/dataCastle/match/answer],methods=[POST]}" onto public org.springframework.http.ResponseEntity<?> cn.edu.swpu.cins.data_castle.controller.MatchController.uploadFile(java.lang.String,org.springframework.web.multipart.MultipartFile)
2017-10-11 10:39:00.480  INFO 5723 --- [main] s.w.s.m.m.a.RequestMappingHandlerMapping : Mapped "{[/dataCastle/match/rankList],methods=[GET]}" onto public org.springframework.http.ResponseEntity<?> cn.edu.swpu.cins.data_castle.controller.MatchController.getRankList()
2017-10-11 10:39:00.482  INFO 5723 --- [main] s.w.s.m.m.a.RequestMappingHandlerMapping : Mapped "{[/error],produces=[text/html]}" onto public org.springframework.web.servlet.ModelAndView org.springframework.boot.autoconfigure.web.BasicErrorController.errorHtml(javax.servlet.http.HttpServletRequest,javax.servlet.http.HttpServletResponse)
2017-10-11 10:39:00.483  INFO 5723 --- [main] s.w.s.m.m.a.RequestMappingHandlerMapping : Mapped "{[/error]}" onto public org.springframework.http.ResponseEntity<java.util.Map<java.lang.String, java.lang.Object>> org.springframework.boot.autoconfigure.web.BasicErrorController.error(javax.servlet.http.HttpServletRequest)
2017-10-11 10:39:00.580  INFO 5723 --- [main] s.w.s.m.m.a.RequestMappingHandlerAdapter : Looking for @ControllerAdvice: org.springframework.boot.context.embedded.AnnotationConfigEmbeddedWebApplicationContext@6b81ce95: startup date [Wed Oct 11 10:38:56 CST 2017]; root of context hierarchy
2017-10-11 10:39:01.049  INFO 5723 --- [main] o.s.s.web.DefaultSecurityFilterChain     : Creating filter chain: org.springframework.security.web.util.matcher.AnyRequestMatcher@1, [org.springframework.security.web.context.request.async.WebAsyncManagerIntegrationFilter@17fede14, org.springframework.security.web.context.SecurityContextPersistenceFilter@33188612, org.springframework.security.web.header.HeaderWriterFilter@7b2ccba5, org.springframework.security.web.authentication.logout.LogoutFilter@7161457, org.springframework.security.web.savedrequest.RequestCacheAwareFilter@6ccac6f4, org.springframework.security.web.servletapi.SecurityContextHolderAwareRequestFilter@1f95881a, org.springframework.security.web.authentication.AnonymousAuthenticationFilter@712ac7e6, org.springframework.security.web.session.SessionManagementFilter@42d6c12d, org.springframework.security.web.access.ExceptionTranslationFilter@1280682, org.springframework.security.web.access.intercept.FilterSecurityInterceptor@51bddd98]
2017-10-11 10:39:01.333  INFO 5723 --- [main] o.s.b.a.e.mvc.EndpointHandlerMapping     : Mapped "{[/env/{name:.*}],methods=[GET],produces=[application/vnd.spring-boot.actuator.v1+json || application/json]}" onto public java.lang.Object org.springframework.boot.actuate.endpoint.mvc.EnvironmentMvcEndpoint.value(java.lang.String)
2017-10-11 10:39:01.333  INFO 5723 --- [main] o.s.b.a.e.mvc.EndpointHandlerMapping     : Mapped "{[/env || /env.json],methods=[GET],produces=[application/vnd.spring-boot.actuator.v1+json || application/json]}" onto public java.lang.Object org.springframework.boot.actuate.endpoint.mvc.EndpointMvcAdapter.invoke()
2017-10-11 10:39:01.333  INFO 5723 --- [main] o.s.b.a.e.mvc.EndpointHandlerMapping     : Mapped "{[/mappings || /mappings.json],methods=[GET],produces=[application/vnd.spring-boot.actuator.v1+json || application/json]}" onto public java.lang.Object org.springframework.boot.actuate.endpoint.mvc.EndpointMvcAdapter.invoke()
2017-10-11 10:39:01.334  INFO 5723 --- [main] o.s.b.a.e.mvc.EndpointHandlerMapping     : Mapped "{[/metrics/{name:.*}],methods=[GET],produces=[application/vnd.spring-boot.actuator.v1+json || application/json]}" onto public java.lang.Object org.springframework.boot.actuate.endpoint.mvc.MetricsMvcEndpoint.value(java.lang.String)
2017-10-11 10:39:01.334  INFO 5723 --- [main] o.s.b.a.e.mvc.EndpointHandlerMapping     : Mapped "{[/metrics || /metrics.json],methods=[GET],produces=[application/vnd.spring-boot.actuator.v1+json || application/json]}" onto public java.lang.Object org.springframework.boot.actuate.endpoint.mvc.EndpointMvcAdapter.invoke()
2017-10-11 10:39:01.335  INFO 5723 --- [main] o.s.b.a.e.mvc.EndpointHandlerMapping     : Mapped "{[/health || /health.json],methods=[GET],produces=[application/vnd.spring-boot.actuator.v1+json || application/json]}" onto public java.lang.Object org.springframework.boot.actuate.endpoint.mvc.HealthMvcEndpoint.invoke(javax.servlet.http.HttpServletRequest,java.security.Principal)
2017-10-11 10:39:01.336  INFO 5723 --- [main] o.s.b.a.e.mvc.EndpointHandlerMapping     : Mapped "{[/trace || /trace.json],methods=[GET],produces=[application/vnd.spring-boot.actuator.v1+json || application/json]}" onto public java.lang.Object org.springframework.boot.actuate.endpoint.mvc.EndpointMvcAdapter.invoke()
2017-10-11 10:39:01.336  INFO 5723 --- [main] o.s.b.a.e.mvc.EndpointHandlerMapping     : Mapped "{[/autoconfig || /autoconfig.json],methods=[GET],produces=[application/vnd.spring-boot.actuator.v1+json || application/json]}" onto public java.lang.Object org.springframework.boot.actuate.endpoint.mvc.EndpointMvcAdapter.invoke()
2017-10-11 10:39:01.338  INFO 5723 --- [main] o.s.b.a.e.mvc.EndpointHandlerMapping     : Mapped "{[/loggers/{name:.*}],methods=[GET],produces=[application/vnd.spring-boot.actuator.v1+json || application/json]}" onto public java.lang.Object org.springframework.boot.actuate.endpoint.mvc.LoggersMvcEndpoint.get(java.lang.String)
2017-10-11 10:39:01.339  INFO 5723 --- [main] o.s.b.a.e.mvc.EndpointHandlerMapping     : Mapped "{[/loggers/{name:.*}],methods=[POST],consumes=[application/vnd.spring-boot.actuator.v1+json || application/json],produces=[application/vnd.spring-boot.actuator.v1+json || application/json]}" onto public java.lang.Object org.springframework.boot.actuate.endpoint.mvc.LoggersMvcEndpoint.set(java.lang.String,java.util.Map<java.lang.String, java.lang.String>)
2017-10-11 10:39:01.339  INFO 5723 --- [main] o.s.b.a.e.mvc.EndpointHandlerMapping     : Mapped "{[/loggers || /loggers.json],methods=[GET],produces=[application/vnd.spring-boot.actuator.v1+json || application/json]}" onto public java.lang.Object org.springframework.boot.actuate.endpoint.mvc.EndpointMvcAdapter.invoke()
2017-10-11 10:39:01.340  INFO 5723 --- [main] o.s.b.a.e.mvc.EndpointHandlerMapping     : Mapped "{[/logfile || /logfile.json],methods=[GET || HEAD]}" onto public void org.springframework.boot.actuate.endpoint.mvc.LogFileMvcEndpoint.invoke(javax.servlet.http.HttpServletRequest,javax.servlet.http.HttpServletResponse) throws javax.servlet.ServletException,java.io.IOException
2017-10-11 10:39:01.341  INFO 5723 --- [main] o.s.b.a.e.mvc.EndpointHandlerMapping     : Mapped "{[/configprops || /configprops.json],methods=[GET],produces=[application/vnd.spring-boot.actuator.v1+json || application/json]}" onto public java.lang.Object org.springframework.boot.actuate.endpoint.mvc.EndpointMvcAdapter.invoke()
2017-10-11 10:39:01.342  INFO 5723 --- [main] o.s.b.a.e.mvc.EndpointHandlerMapping     : Mapped "{[/beans || /beans.json],methods=[GET],produces=[application/vnd.spring-boot.actuator.v1+json || application/json]}" onto public java.lang.Object org.springframework.boot.actuate.endpoint.mvc.EndpointMvcAdapter.invoke()
2017-10-11 10:39:01.343  INFO 5723 --- [main] o.s.b.a.e.mvc.EndpointHandlerMapping     : Mapped "{[/auditevents || /auditevents.json],methods=[GET],produces=[application/vnd.spring-boot.actuator.v1+json || application/json]}" onto public org.springframework.http.ResponseEntity<?> org.springframework.boot.actuate.endpoint.mvc.AuditEventsMvcEndpoint.findByPrincipalAndAfterAndType(java.lang.String,java.util.Date,java.lang.String)
2017-10-11 10:39:01.344  INFO 5723 --- [main] o.s.b.a.e.mvc.EndpointHandlerMapping     : Mapped "{[/test || /test.json],methods=[POST],produces=[application/vnd.spring-boot.actuator.v1+json || application/json]}" onto public java.lang.Object org.springframework.boot.actuate.endpoint.mvc.ShutdownMvcEndpoint.invoke()
2017-10-11 10:39:01.345  INFO 5723 --- [main] o.s.b.a.e.mvc.EndpointHandlerMapping     : Mapped "{[/info || /info.json],methods=[GET],produces=[application/vnd.spring-boot.actuator.v1+json || application/json]}" onto public java.lang.Object org.springframework.boot.actuate.endpoint.mvc.EndpointMvcAdapter.invoke()
2017-10-11 10:39:01.345  INFO 5723 --- [main] o.s.b.a.e.mvc.EndpointHandlerMapping     : Mapped "{[/dump || /dump.json],methods=[GET],produces=[application/vnd.spring-boot.actuator.v1+json || application/json]}" onto public java.lang.Object org.springframework.boot.actuate.endpoint.mvc.EndpointMvcAdapter.invoke()
2017-10-11 10:39:01.346  INFO 5723 --- [main] o.s.b.a.e.mvc.EndpointHandlerMapping     : Mapped "{[/heapdump || /heapdump.json],methods=[GET],produces=[application/octet-stream]}" onto public void org.springframework.boot.actuate.endpoint.mvc.HeapdumpMvcEndpoint.invoke(boolean,javax.servlet.http.HttpServletRequest,javax.servlet.http.HttpServletResponse) throws java.io.IOException,javax.servlet.ServletException
2017-10-11 10:39:01.361  INFO 5723 --- [main] o.s.s.web.DefaultSecurityFilterChain     : Creating filter chain: org.springframework.boot.actuate.autoconfigure.ManagementWebSecurityAutoConfiguration$LazyEndpointPathRequestMatcher@76d7881e, [org.springframework.security.web.context.request.async.WebAsyncManagerIntegrationFilter@4aa31ffc, org.springframework.security.web.context.SecurityContextPersistenceFilter@2fd72332, org.springframework.security.web.header.HeaderWriterFilter@bf75b5c, org.springframework.web.filter.CorsFilter@7945b206, org.springframework.security.web.authentication.logout.LogoutFilter@6fcd31c3, org.springframework.security.web.authentication.www.BasicAuthenticationFilter@34be065a, org.springframework.security.web.savedrequest.RequestCacheAwareFilter@51f18e31, org.springframework.security.web.servletapi.SecurityContextHolderAwareRequestFilter@60ed12e8, org.springframework.security.web.authentication.AnonymousAuthenticationFilter@7d42542, org.springframework.security.web.session.SessionManagementFilter@16da476c, org.springframework.security.web.access.ExceptionTranslationFilter@3b98b809, org.springframework.security.web.access.intercept.FilterSecurityInterceptor@4816ee24]
2017-10-11 10:39:02.145  INFO 5723 --- [main] o.s.j.e.a.AnnotationMBeanExporter        : Registering beans for JMX exposure on startup
2017-10-11 10:39:02.154  INFO 5723 --- [main] o.s.c.support.DefaultLifecycleProcessor  : Starting beans in phase 0
2017-10-11 10:39:02.245  INFO 5723 --- [main] s.b.c.e.t.TomcatEmbeddedServletContainer : Tomcat started on port(s): 8796 (http)
2017-10-11 10:39:02.249  INFO 5723 --- [main] c.e.s.c.d.DataCastleApplication          : Started DataCastleApplication in 6.369 seconds (JVM running for 7.076)
2017-10-11 10:39:58.023  INFO 5723 --- [http-nio-8796-exec-1] o.a.c.c.C.[Tomcat].[localhost].[/]       : Initializing Spring FrameworkServlet 'dispatcherServlet'
2017-10-11 10:39:58.023  INFO 5723 --- [http-nio-8796-exec-1] o.s.web.servlet.DispatcherServlet        : FrameworkServlet 'dispatcherServlet': initialization started
2017-10-11 10:39:58.037  INFO 5723 --- [http-nio-8796-exec-1] o.s.web.servlet.DispatcherServlet        : FrameworkServlet 'dispatcherServlet': initialization completed in 14 ms
2017-10-11 10:39:58.055  INFO 5723 --- [http-nio-8796-exec-1] s.b.a.e.m.MvcEndpointSecurityInterceptor : Full authentication is required to access actuator endpoints. Consider adding Spring Security or set 'management.security.enabled' to false.
2017-10-11 10:42:59.886  INFO 5723 --- [Thread-6] ationConfigEmbeddedWebApplicationContext : Closing org.springframework.boot.context.embedded.AnnotationConfigEmbeddedWebApplicationContext@6b81ce95: startup date [Wed Oct 11 10:38:56 CST 2017]; root of context hierarchy
2017-10-11 10:42:59.891  INFO 5723 --- [Thread-6] o.s.c.support.DefaultLifecycleProcessor  : Stopping beans in phase 0
2017-10-11 10:42:59.899  INFO 5723 --- [Thread-6] o.s.j.e.a.AnnotationMBeanExporter        : Unregistering JMX-exposed beans on shutdown
2017-10-11 10:43:01.681  INFO 5962 --- [main] c.e.s.c.d.DataCastleApplication          : Starting DataCastleApplication on yang with PID 5962 (/home/yang/idea_work_space/data_castle/out/production/classes started by yang in /home/yang/idea_work_space/data_castle)
2017-10-11 10:43:01.683  INFO 5962 --- [main] c.e.s.c.d.DataCastleApplication          : No active profile set, falling back to default profiles: default
2017-10-11 10:43:01.726  INFO 5962 --- [main] ationConfigEmbeddedWebApplicationContext : Refreshing org.springframework.boot.context.embedded.AnnotationConfigEmbeddedWebApplicationContext@6b81ce95: startup date [Wed Oct 11 10:43:01 CST 2017]; root of context hierarchy
2017-10-11 10:43:03.086  INFO 5962 --- [main] .s.d.r.c.RepositoryConfigurationDelegate : Multiple Spring Data modules found, entering strict repository configuration mode!
2017-10-11 10:43:03.869  INFO 5962 --- [main] s.b.c.e.t.TomcatEmbeddedServletContainer : Tomcat initialized with port(s): 8796 (http)
2017-10-11 10:43:03.876  INFO 5962 --- [main] o.apache.catalina.core.StandardService   : Starting service [Tomcat]
2017-10-11 10:43:03.877  INFO 5962 --- [main] org.apache.catalina.core.StandardEngine  : Starting Servlet Engine: Apache Tomcat/8.5.20
2017-10-11 10:43:03.932  INFO 5962 --- [localhost-startStop-1] o.a.c.c.C.[Tomcat].[localhost].[/]       : Initializing Spring embedded WebApplicationContext
2017-10-11 10:43:03.932  INFO 5962 --- [localhost-startStop-1] o.s.web.context.ContextLoader            : Root WebApplicationContext: initialization completed in 2209 ms
2017-10-11 10:43:04.138  INFO 5962 --- [localhost-startStop-1] o.s.b.w.servlet.FilterRegistrationBean   : Mapping filter: 'metricsFilter' to: [/*]
2017-10-11 10:43:04.138  INFO 5962 --- [localhost-startStop-1] o.s.b.w.servlet.FilterRegistrationBean   : Mapping filter: 'characterEncodingFilter' to: [/*]
2017-10-11 10:43:04.139  INFO 5962 --- [localhost-startStop-1] .s.DelegatingFilterProxyRegistrationBean : Mapping filter: 'springSecurityFilterChain' to: [/*]
2017-10-11 10:43:04.139  INFO 5962 --- [localhost-startStop-1] o.s.b.w.servlet.FilterRegistrationBean   : Mapping filter: 'webRequestLoggingFilter' to: [/*]
2017-10-11 10:43:04.139  INFO 5962 --- [localhost-startStop-1] o.s.b.w.servlet.FilterRegistrationBean   : Mapping filter: 'applicationContextIdFilter' to: [/*]
2017-10-11 10:43:04.139  INFO 5962 --- [localhost-startStop-1] o.s.b.w.servlet.ServletRegistrationBean  : Mapping servlet: 'dispatcherServlet' to [/]
2017-10-11 10:43:04.228 ERROR 5962 --- [Thread-2] c.e.s.c.data_castle.utils.JedisAdapter   : 发生异常Could not get a resource from the pool
2017-10-11 10:43:04.903  INFO 5962 --- [main] s.w.s.m.m.a.RequestMappingHandlerMapping : Mapped "{[/dataCastle/user/verifyCode],methods=[GET]}" onto public org.springframework.http.ResponseEntity<?> cn.edu.swpu.cins.data_castle.controller.AuthController.getVerifyCodeForLogin(javax.servlet.http.HttpServletResponse)
2017-10-11 10:43:04.904  INFO 5962 --- [main] s.w.s.m.m.a.RequestMappingHandlerMapping : Mapped "{[/dataCastle/user/signUp],methods=[POST]}" onto public org.springframework.http.ResponseEntity<?> cn.edu.swpu.cins.data_castle.controller.AuthController.userRegister(cn.edu.swpu.cins.data_castle.entity.dto.SignUp,java.lang.String) throws javax.mail.MessagingException
2017-10-11 10:43:04.905  INFO 5962 --- [main] s.w.s.m.m.a.RequestMappingHandlerMapping : Mapped "{[/dataCastle/user/signIn],methods=[POST]}" onto public org.springframework.http.ResponseEntity<?> cn.edu.swpu.cins.data_castle.controller.AuthController.userLogin(cn.edu.swpu.cins.data_castle.entity.dto.SignInUser,java.lang.String)
2017-10-11 10:43:04.905  INFO 5962 --- [main] s.w.s.m.m.a.RequestMappingHandlerMapping : Mapped "{[/dataCastle/user/enable],methods=[GET]}" onto public org.springframework.http.ResponseEntity<?> cn.edu.swpu.cins.data_castle.controller.AuthController.userEnable(java.lang.String,java.lang.String)
2017-10-11 10:43:04.906  INFO 5962 --- [main] s.w.s.m.m.a.RequestMappingHandlerMapping : Mapped "{[/dataCastle/match/team],methods=[POST]}" onto public org.springframework.http.ResponseEntity<?> cn.edu.swpu.cins.data_castle.controller.MatchController.createTeam(cn.edu.swpu.cins.data_castle.entity.dto.MatchTeam) throws cn.edu.swpu.cins.data_castle.exception.MatchException
2017-10-11 10:43:04.906  INFO 5962 --- [main] s.w.s.m.m.a.RequestMappingHandlerMapping : Mapped "{[/dataCastle/match/answer],methods=[POST]}" onto public org.springframework.http.ResponseEntity<?> cn.edu.swpu.cins.data_castle.controller.MatchController.uploadFile(java.lang.String,org.springframework.web.multipart.MultipartFile)
2017-10-11 10:43:04.907  INFO 5962 --- [main] s.w.s.m.m.a.RequestMappingHandlerMapping : Mapped "{[/dataCastle/match/rankList],methods=[GET]}" onto public org.springframework.http.ResponseEntity<?> cn.edu.swpu.cins.data_castle.controller.MatchController.getRankList()
2017-10-11 10:43:04.909  INFO 5962 --- [main] s.w.s.m.m.a.RequestMappingHandlerMapping : Mapped "{[/error],produces=[text/html]}" onto public org.springframework.web.servlet.ModelAndView org.springframework.boot.autoconfigure.web.BasicErrorController.errorHtml(javax.servlet.http.HttpServletRequest,javax.servlet.http.HttpServletResponse)
2017-10-11 10:43:04.909  INFO 5962 --- [main] s.w.s.m.m.a.RequestMappingHandlerMapping : Mapped "{[/error]}" onto public org.springframework.http.ResponseEntity<java.util.Map<java.lang.String, java.lang.Object>> org.springframework.boot.autoconfigure.web.BasicErrorController.error(javax.servlet.http.HttpServletRequest)
2017-10-11 10:43:05.003  INFO 5962 --- [main] s.w.s.m.m.a.RequestMappingHandlerAdapter : Looking for @ControllerAdvice: org.springframework.boot.context.embedded.AnnotationConfigEmbeddedWebApplicationContext@6b81ce95: startup date [Wed Oct 11 10:43:01 CST 2017]; root of context hierarchy
2017-10-11 10:43:05.387  INFO 5962 --- [main] o.s.s.web.DefaultSecurityFilterChain     : Creating filter chain: org.springframework.security.web.util.matcher.AnyRequestMatcher@1, [org.springframework.security.web.context.request.async.WebAsyncManagerIntegrationFilter@3d299393, org.springframework.security.web.context.SecurityContextPersistenceFilter@4373f66f, org.springframework.security.web.header.HeaderWriterFilter@3d9f5016, org.springframework.security.web.authentication.logout.LogoutFilter@64f9f455, org.springframework.security.web.savedrequest.RequestCacheAwareFilter@44114b9f, org.springframework.security.web.servletapi.SecurityContextHolderAwareRequestFilter@5b5b59, org.springframework.security.web.authentication.AnonymousAuthenticationFilter@5f34907b, org.springframework.security.web.session.SessionManagementFilter@63f855b, org.springframework.security.web.access.ExceptionTranslationFilter@23ed382c, org.springframework.security.web.access.intercept.FilterSecurityInterceptor@173f1614]
2017-10-11 10:43:05.648  INFO 5962 --- [main] o.s.b.a.e.mvc.EndpointHandlerMapping     : Mapped "{[/test || /test.json],methods=[POST],produces=[application/vnd.spring-boot.actuator.v1+json || application/json]}" onto public java.lang.Object org.springframework.boot.actuate.endpoint.mvc.ShutdownMvcEndpoint.invoke()
2017-10-11 10:43:05.648  INFO 5962 --- [main] o.s.b.a.e.mvc.EndpointHandlerMapping     : Mapped "{[/mappings || /mappings.json],methods=[GET],produces=[application/vnd.spring-boot.actuator.v1+json || application/json]}" onto public java.lang.Object org.springframework.boot.actuate.endpoint.mvc.EndpointMvcAdapter.invoke()
2017-10-11 10:43:05.649  INFO 5962 --- [main] o.s.b.a.e.mvc.EndpointHandlerMapping     : Mapped "{[/beans || /beans.json],methods=[GET],produces=[application/vnd.spring-boot.actuator.v1+json || application/json]}" onto public java.lang.Object org.springframework.boot.actuate.endpoint.mvc.EndpointMvcAdapter.invoke()
2017-10-11 10:43:05.649  INFO 5962 --- [main] o.s.b.a.e.mvc.EndpointHandlerMapping     : Mapped "{[/info || /info.json],methods=[GET],produces=[application/vnd.spring-boot.actuator.v1+json || application/json]}" onto public java.lang.Object org.springframework.boot.actuate.endpoint.mvc.EndpointMvcAdapter.invoke()
2017-10-11 10:43:05.650  INFO 5962 --- [main] o.s.b.a.e.mvc.EndpointHandlerMapping     : Mapped "{[/configprops || /configprops.json],methods=[GET],produces=[application/vnd.spring-boot.actuator.v1+json || application/json]}" onto public java.lang.Object org.springframework.boot.actuate.endpoint.mvc.EndpointMvcAdapter.invoke()
2017-10-11 10:43:05.651  INFO 5962 --- [main] o.s.b.a.e.mvc.EndpointHandlerMapping     : Mapped "{[/logfile || /logfile.json],methods=[GET || HEAD]}" onto public void org.springframework.boot.actuate.endpoint.mvc.LogFileMvcEndpoint.invoke(javax.servlet.http.HttpServletRequest,javax.servlet.http.HttpServletResponse) throws javax.servlet.ServletException,java.io.IOException
2017-10-11 10:43:05.652  INFO 5962 --- [main] o.s.b.a.e.mvc.EndpointHandlerMapping     : Mapped "{[/auditevents || /auditevents.json],methods=[GET],produces=[application/vnd.spring-boot.actuator.v1+json || application/json]}" onto public org.springframework.http.ResponseEntity<?> org.springframework.boot.actuate.endpoint.mvc.AuditEventsMvcEndpoint.findByPrincipalAndAfterAndType(java.lang.String,java.util.Date,java.lang.String)
2017-10-11 10:43:05.652  INFO 5962 --- [main] o.s.b.a.e.mvc.EndpointHandlerMapping     : Mapped "{[/autoconfig || /autoconfig.json],methods=[GET],produces=[application/vnd.spring-boot.actuator.v1+json || application/json]}" onto public java.lang.Object org.springframework.boot.actuate.endpoint.mvc.EndpointMvcAdapter.invoke()
2017-10-11 10:43:05.653  INFO 5962 --- [main] o.s.b.a.e.mvc.EndpointHandlerMapping     : Mapped "{[/heapdump || /heapdump.json],methods=[GET],produces=[application/octet-stream]}" onto public void org.springframework.boot.actuate.endpoint.mvc.HeapdumpMvcEndpoint.invoke(boolean,javax.servlet.http.HttpServletRequest,javax.servlet.http.HttpServletResponse) throws java.io.IOException,javax.servlet.ServletException
2017-10-11 10:43:05.654  INFO 5962 --- [main] o.s.b.a.e.mvc.EndpointHandlerMapping     : Mapped "{[/loggers/{name:.*}],methods=[GET],produces=[application/vnd.spring-boot.actuator.v1+json || application/json]}" onto public java.lang.Object org.springframework.boot.actuate.endpoint.mvc.LoggersMvcEndpoint.get(java.lang.String)
2017-10-11 10:43:05.654  INFO 5962 --- [main] o.s.b.a.e.mvc.EndpointHandlerMapping     : Mapped "{[/loggers/{name:.*}],methods=[POST],consumes=[application/vnd.spring-boot.actuator.v1+json || application/json],produces=[application/vnd.spring-boot.actuator.v1+json || application/json]}" onto public java.lang.Object org.springframework.boot.actuate.endpoint.mvc.LoggersMvcEndpoint.set(java.lang.String,java.util.Map<java.lang.String, java.lang.String>)
2017-10-11 10:43:05.655  INFO 5962 --- [main] o.s.b.a.e.mvc.EndpointHandlerMapping     : Mapped "{[/loggers || /loggers.json],methods=[GET],produces=[application/vnd.spring-boot.actuator.v1+json || application/json]}" onto public java.lang.Object org.springframework.boot.actuate.endpoint.mvc.EndpointMvcAdapter.invoke()
2017-10-11 10:43:05.655  INFO 5962 --- [main] o.s.b.a.e.mvc.EndpointHandlerMapping     : Mapped "{[/health || /health.json],methods=[GET],produces=[application/vnd.spring-boot.actuator.v1+json || application/json]}" onto public java.lang.Object org.springframework.boot.actuate.endpoint.mvc.HealthMvcEndpoint.invoke(javax.servlet.http.HttpServletRequest,java.security.Principal)
2017-10-11 10:43:05.656  INFO 5962 --- [main] o.s.b.a.e.mvc.EndpointHandlerMapping     : Mapped "{[/dump || /dump.json],methods=[GET],produces=[application/vnd.spring-boot.actuator.v1+json || application/json]}" onto public java.lang.Object org.springframework.boot.actuate.endpoint.mvc.EndpointMvcAdapter.invoke()
2017-10-11 10:43:05.657  INFO 5962 --- [main] o.s.b.a.e.mvc.EndpointHandlerMapping     : Mapped "{[/env/{name:.*}],methods=[GET],produces=[application/vnd.spring-boot.actuator.v1+json || application/json]}" onto public java.lang.Object org.springframework.boot.actuate.endpoint.mvc.EnvironmentMvcEndpoint.value(java.lang.String)
2017-10-11 10:43:05.657  INFO 5962 --- [main] o.s.b.a.e.mvc.EndpointHandlerMapping     : Mapped "{[/env || /env.json],methods=[GET],produces=[application/vnd.spring-boot.actuator.v1+json || application/json]}" onto public java.lang.Object org.springframework.boot.actuate.endpoint.mvc.EndpointMvcAdapter.invoke()
2017-10-11 10:43:05.658  INFO 5962 --- [main] o.s.b.a.e.mvc.EndpointHandlerMapping     : Mapped "{[/trace || /trace.json],methods=[GET],produces=[application/vnd.spring-boot.actuator.v1+json || application/json]}" onto public java.lang.Object org.springframework.boot.actuate.endpoint.mvc.EndpointMvcAdapter.invoke()
2017-10-11 10:43:05.659  INFO 5962 --- [main] o.s.b.a.e.mvc.EndpointHandlerMapping     : Mapped "{[/metrics/{name:.*}],methods=[GET],produces=[application/vnd.spring-boot.actuator.v1+json || application/json]}" onto public java.lang.Object org.springframework.boot.actuate.endpoint.mvc.MetricsMvcEndpoint.value(java.lang.String)
2017-10-11 10:43:05.659  INFO 5962 --- [main] o.s.b.a.e.mvc.EndpointHandlerMapping     : Mapped "{[/metrics || /metrics.json],methods=[GET],produces=[application/vnd.spring-boot.actuator.v1+json || application/json]}" onto public java.lang.Object org.springframework.boot.actuate.endpoint.mvc.EndpointMvcAdapter.invoke()
2017-10-11 10:43:05.669  INFO 5962 --- [main] o.s.s.web.DefaultSecurityFilterChain     : Creating filter chain: org.springframework.boot.actuate.autoconfigure.ManagementWebSecurityAutoConfiguration$LazyEndpointPathRequestMatcher@5cd96b41, [org.springframework.security.web.context.request.async.WebAsyncManagerIntegrationFilter@7e1ffe70, org.springframework.security.web.context.SecurityContextPersistenceFilter@5b40de43, org.springframework.security.web.header.HeaderWriterFilter@49ca94a9, org.springframework.web.filter.CorsFilter@73041b7d, org.springframework.security.web.authentication.logout.LogoutFilter@48a2db72, org.springframework.security.web.authentication.www.BasicAuthenticationFilter@4346808, org.springframework.security.web.savedrequest.RequestCacheAwareFilter@49fb0bbd, org.springframework.security.web.servletapi.SecurityContextHolderAwareRequestFilter@5489b1f7, org.springframework.security.web.authentication.AnonymousAuthenticationFilter@1235151c, org.springframework.security.web.session.SessionManagementFilter@9ab310b, org.springframework.security.web.access.ExceptionTranslationFilter@1526f71, org.springframework.security.web.access.intercept.FilterSecurityInterceptor@252744a1]
2017-10-11 10:43:06.414  INFO 5962 --- [main] o.s.j.e.a.AnnotationMBeanExporter        : Registering beans for JMX exposure on startup
2017-10-11 10:43:06.422  INFO 5962 --- [main] o.s.c.support.DefaultLifecycleProcessor  : Starting beans in phase 0
2017-10-11 10:43:06.502  INFO 5962 --- [main] s.b.c.e.t.TomcatEmbeddedServletContainer : Tomcat started on port(s): 8796 (http)
2017-10-11 10:43:06.505  INFO 5962 --- [main] c.e.s.c.d.DataCastleApplication          : Started DataCastleApplication in 5.2 seconds (JVM running for 5.788)
2017-10-11 10:43:12.470  INFO 5962 --- [Thread-6] ationConfigEmbeddedWebApplicationContext : Closing org.springframework.boot.context.embedded.AnnotationConfigEmbeddedWebApplicationContext@6b81ce95: startup date [Wed Oct 11 10:43:01 CST 2017]; root of context hierarchy
2017-10-11 10:43:12.481  INFO 5962 --- [Thread-6] o.s.c.support.DefaultLifecycleProcessor  : Stopping beans in phase 0
2017-10-11 10:43:12.483  INFO 5962 --- [Thread-6] o.s.j.e.a.AnnotationMBeanExporter        : Unregistering JMX-exposed beans on shutdown
2017-10-11 10:43:16.395  INFO 6045 --- [main] c.e.s.c.d.DataCastleApplication          : Starting DataCastleApplication on yang with PID 6045 (/home/yang/idea_work_space/data_castle/out/production/classes started by yang in /home/yang/idea_work_space/data_castle)
2017-10-11 10:43:16.398  INFO 6045 --- [main] c.e.s.c.d.DataCastleApplication          : No active profile set, falling back to default profiles: default
2017-10-11 10:43:16.442  INFO 6045 --- [main] ationConfigEmbeddedWebApplicationContext : Refreshing org.springframework.boot.context.embedded.AnnotationConfigEmbeddedWebApplicationContext@6572421: startup date [Wed Oct 11 10:43:16 CST 2017]; root of context hierarchy
2017-10-11 10:43:17.622  INFO 6045 --- [main] .s.d.r.c.RepositoryConfigurationDelegate : Multiple Spring Data modules found, entering strict repository configuration mode!
2017-10-11 10:43:18.501  INFO 6045 --- [main] s.b.c.e.t.TomcatEmbeddedServletContainer : Tomcat initialized with port(s): 8796 (http)
2017-10-11 10:43:18.510  INFO 6045 --- [main] o.apache.catalina.core.StandardService   : Starting service [Tomcat]
2017-10-11 10:43:18.511  INFO 6045 --- [main] org.apache.catalina.core.StandardEngine  : Starting Servlet Engine: Apache Tomcat/8.5.20
2017-10-11 10:43:18.569  INFO 6045 --- [localhost-startStop-1] o.a.c.c.C.[Tomcat].[localhost].[/]       : Initializing Spring embedded WebApplicationContext
2017-10-11 10:43:18.569  INFO 6045 --- [localhost-startStop-1] o.s.web.context.ContextLoader            : Root WebApplicationContext: initialization completed in 2129 ms
2017-10-11 10:43:18.786  INFO 6045 --- [localhost-startStop-1] o.s.b.w.servlet.FilterRegistrationBean   : Mapping filter: 'metricsFilter' to: [/*]
2017-10-11 10:43:18.786  INFO 6045 --- [localhost-startStop-1] o.s.b.w.servlet.FilterRegistrationBean   : Mapping filter: 'characterEncodingFilter' to: [/*]
2017-10-11 10:43:18.787  INFO 6045 --- [localhost-startStop-1] .s.DelegatingFilterProxyRegistrationBean : Mapping filter: 'springSecurityFilterChain' to: [/*]
2017-10-11 10:43:18.787  INFO 6045 --- [localhost-startStop-1] o.s.b.w.servlet.FilterRegistrationBean   : Mapping filter: 'webRequestLoggingFilter' to: [/*]
2017-10-11 10:43:18.787  INFO 6045 --- [localhost-startStop-1] o.s.b.w.servlet.FilterRegistrationBean   : Mapping filter: 'applicationContextIdFilter' to: [/*]
2017-10-11 10:43:18.787  INFO 6045 --- [localhost-startStop-1] o.s.b.w.servlet.ServletRegistrationBean  : Mapping servlet: 'dispatcherServlet' to [/]
2017-10-11 10:43:18.875 ERROR 6045 --- [Thread-2] c.e.s.c.data_castle.utils.JedisAdapter   : 发生异常Could not get a resource from the pool
2017-10-11 10:43:19.529  INFO 6045 --- [main] s.w.s.m.m.a.RequestMappingHandlerMapping : Mapped "{[/dataCastle/user/verifyCode],methods=[GET]}" onto public org.springframework.http.ResponseEntity<?> cn.edu.swpu.cins.data_castle.controller.AuthController.getVerifyCodeForLogin(javax.servlet.http.HttpServletResponse)
2017-10-11 10:43:19.530  INFO 6045 --- [main] s.w.s.m.m.a.RequestMappingHandlerMapping : Mapped "{[/dataCastle/user/signUp],methods=[POST]}" onto public org.springframework.http.ResponseEntity<?> cn.edu.swpu.cins.data_castle.controller.AuthController.userRegister(cn.edu.swpu.cins.data_castle.entity.dto.SignUp,java.lang.String) throws javax.mail.MessagingException
2017-10-11 10:43:19.531  INFO 6045 --- [main] s.w.s.m.m.a.RequestMappingHandlerMapping : Mapped "{[/dataCastle/user/signIn],methods=[POST]}" onto public org.springframework.http.ResponseEntity<?> cn.edu.swpu.cins.data_castle.controller.AuthController.userLogin(cn.edu.swpu.cins.data_castle.entity.dto.SignInUser,java.lang.String)
2017-10-11 10:43:19.531  INFO 6045 --- [main] s.w.s.m.m.a.RequestMappingHandlerMapping : Mapped "{[/dataCastle/user/enable],methods=[GET]}" onto public org.springframework.http.ResponseEntity<?> cn.edu.swpu.cins.data_castle.controller.AuthController.userEnable(java.lang.String,java.lang.String)
2017-10-11 10:43:19.532  INFO 6045 --- [main] s.w.s.m.m.a.RequestMappingHandlerMapping : Mapped "{[/dataCastle/match/team],methods=[POST]}" onto public org.springframework.http.ResponseEntity<?> cn.edu.swpu.cins.data_castle.controller.MatchController.createTeam(cn.edu.swpu.cins.data_castle.entity.dto.MatchTeam) throws cn.edu.swpu.cins.data_castle.exception.MatchException
2017-10-11 10:43:19.533  INFO 6045 --- [main] s.w.s.m.m.a.RequestMappingHandlerMapping : Mapped "{[/dataCastle/match/answer],methods=[POST]}" onto public org.springframework.http.ResponseEntity<?> cn.edu.swpu.cins.data_castle.controller.MatchController.uploadFile(java.lang.String,org.springframework.web.multipart.MultipartFile)
2017-10-11 10:43:19.533  INFO 6045 --- [main] s.w.s.m.m.a.RequestMappingHandlerMapping : Mapped "{[/dataCastle/match/rankList],methods=[GET]}" onto public org.springframework.http.ResponseEntity<?> cn.edu.swpu.cins.data_castle.controller.MatchController.getRankList()
2017-10-11 10:43:19.535  INFO 6045 --- [main] s.w.s.m.m.a.RequestMappingHandlerMapping : Mapped "{[/error],produces=[text/html]}" onto public org.springframework.web.servlet.ModelAndView org.springframework.boot.autoconfigure.web.BasicErrorController.errorHtml(javax.servlet.http.HttpServletRequest,javax.servlet.http.HttpServletResponse)
2017-10-11 10:43:19.536  INFO 6045 --- [main] s.w.s.m.m.a.RequestMappingHandlerMapping : Mapped "{[/error]}" onto public org.springframework.http.ResponseEntity<java.util.Map<java.lang.String, java.lang.Object>> org.springframework.boot.autoconfigure.web.BasicErrorController.error(javax.servlet.http.HttpServletRequest)
2017-10-11 10:43:19.640  INFO 6045 --- [main] s.w.s.m.m.a.RequestMappingHandlerAdapter : Looking for @ControllerAdvice: org.springframework.boot.context.embedded.AnnotationConfigEmbeddedWebApplicationContext@6572421: startup date [Wed Oct 11 10:43:16 CST 2017]; root of context hierarchy
2017-10-11 10:43:20.066  INFO 6045 --- [main] o.s.s.web.DefaultSecurityFilterChain     : Creating filter chain: org.springframework.security.web.util.matcher.AnyRequestMatcher@1, [org.springframework.security.web.context.request.async.WebAsyncManagerIntegrationFilter@662e682a, org.springframework.security.web.context.SecurityContextPersistenceFilter@733ec58b, org.springframework.security.web.header.HeaderWriterFilter@33188612, org.springframework.security.web.authentication.logout.LogoutFilter@55b5cd2b, org.springframework.security.web.savedrequest.RequestCacheAwareFilter@415ef4d8, org.springframework.security.web.servletapi.SecurityContextHolderAwareRequestFilter@62cba181, org.springframework.security.web.authentication.AnonymousAuthenticationFilter@2e43c38d, org.springframework.security.web.session.SessionManagementFilter@5e5beb8a, org.springframework.security.web.access.ExceptionTranslationFilter@d499c13, org.springframework.security.web.access.intercept.FilterSecurityInterceptor@17fede14]
2017-10-11 10:43:20.352  INFO 6045 --- [main] o.s.b.a.e.mvc.EndpointHandlerMapping     : Mapped "{[/heapdump || /heapdump.json],methods=[GET],produces=[application/octet-stream]}" onto public void org.springframework.boot.actuate.endpoint.mvc.HeapdumpMvcEndpoint.invoke(boolean,javax.servlet.http.HttpServletRequest,javax.servlet.http.HttpServletResponse) throws java.io.IOException,javax.servlet.ServletException
2017-10-11 10:43:20.353  INFO 6045 --- [main] o.s.b.a.e.mvc.EndpointHandlerMapping     : Mapped "{[/test || /test.json],methods=[POST],produces=[application/vnd.spring-boot.actuator.v1+json || application/json]}" onto public java.lang.Object org.springframework.boot.actuate.endpoint.mvc.ShutdownMvcEndpoint.invoke()
2017-10-11 10:43:20.353  INFO 6045 --- [main] o.s.b.a.e.mvc.EndpointHandlerMapping     : Mapped "{[/configprops || /configprops.json],methods=[GET],produces=[application/vnd.spring-boot.actuator.v1+json || application/json]}" onto public java.lang.Object org.springframework.boot.actuate.endpoint.mvc.EndpointMvcAdapter.invoke()
2017-10-11 10:43:20.354  INFO 6045 --- [main] o.s.b.a.e.mvc.EndpointHandlerMapping     : Mapped "{[/logfile || /logfile.json],methods=[GET || HEAD]}" onto public void org.springframework.boot.actuate.endpoint.mvc.LogFileMvcEndpoint.invoke(javax.servlet.http.HttpServletRequest,javax.servlet.http.HttpServletResponse) throws javax.servlet.ServletException,java.io.IOException
2017-10-11 10:43:20.355  INFO 6045 --- [main] o.s.b.a.e.mvc.EndpointHandlerMapping     : Mapped "{[/health || /health.json],methods=[GET],produces=[application/vnd.spring-boot.actuator.v1+json || application/json]}" onto public java.lang.Object org.springframework.boot.actuate.endpoint.mvc.HealthMvcEndpoint.invoke(javax.servlet.http.HttpServletRequest,java.security.Principal)
2017-10-11 10:43:20.355  INFO 6045 --- [main] o.s.b.a.e.mvc.EndpointHandlerMapping     : Mapped "{[/dump || /dump.json],methods=[GET],produces=[application/vnd.spring-boot.actuator.v1+json || application/json]}" onto public java.lang.Object org.springframework.boot.actuate.endpoint.mvc.EndpointMvcAdapter.invoke()
2017-10-11 10:43:20.356  INFO 6045 --- [main] o.s.b.a.e.mvc.EndpointHandlerMapping     : Mapped "{[/env/{name:.*}],methods=[GET],produces=[application/vnd.spring-boot.actuator.v1+json || application/json]}" onto public java.lang.Object org.springframework.boot.actuate.endpoint.mvc.EnvironmentMvcEndpoint.value(java.lang.String)
2017-10-11 10:43:20.356  INFO 6045 --- [main] o.s.b.a.e.mvc.EndpointHandlerMapping     : Mapped "{[/env || /env.json],methods=[GET],produces=[application/vnd.spring-boot.actuator.v1+json || application/json]}" onto public java.lang.Object org.springframework.boot.actuate.endpoint.mvc.EndpointMvcAdapter.invoke()
2017-10-11 10:43:20.356  INFO 6045 --- [main] o.s.b.a.e.mvc.EndpointHandlerMapping     : Mapped "{[/mappings || /mappings.json],methods=[GET],produces=[application/vnd.spring-boot.actuator.v1+json || application/json]}" onto public java.lang.Object org.springframework.boot.actuate.endpoint.mvc.EndpointMvcAdapter.invoke()
2017-10-11 10:43:20.357  INFO 6045 --- [main] o.s.b.a.e.mvc.EndpointHandlerMapping     : Mapped "{[/metrics/{name:.*}],methods=[GET],produces=[application/vnd.spring-boot.actuator.v1+json || application/json]}" onto public java.lang.Object org.springframework.boot.actuate.endpoint.mvc.MetricsMvcEndpoint.value(java.lang.String)
2017-10-11 10:43:20.357  INFO 6045 --- [main] o.s.b.a.e.mvc.EndpointHandlerMapping     : Mapped "{[/metrics || /metrics.json],methods=[GET],produces=[application/vnd.spring-boot.actuator.v1+json || application/json]}" onto public java.lang.Object org.springframework.boot.actuate.endpoint.mvc.EndpointMvcAdapter.invoke()
2017-10-11 10:43:20.359  INFO 6045 --- [main] o.s.b.a.e.mvc.EndpointHandlerMapping     : Mapped "{[/loggers/{name:.*}],methods=[GET],produces=[application/vnd.spring-boot.actuator.v1+json || application/json]}" onto public java.lang.Object org.springframework.boot.actuate.endpoint.mvc.LoggersMvcEndpoint.get(java.lang.String)
2017-10-11 10:43:20.360  INFO 6045 --- [main] o.s.b.a.e.mvc.EndpointHandlerMapping     : Mapped "{[/loggers/{name:.*}],methods=[POST],consumes=[application/vnd.spring-boot.actuator.v1+json || application/json],produces=[application/vnd.spring-boot.actuator.v1+json || application/json]}" onto public java.lang.Object org.springframework.boot.actuate.endpoint.mvc.LoggersMvcEndpoint.set(java.lang.String,java.util.Map<java.lang.String, java.lang.String>)
2017-10-11 10:43:20.360  INFO 6045 --- [main] o.s.b.a.e.mvc.EndpointHandlerMapping     : Mapped "{[/loggers || /loggers.json],methods=[GET],produces=[application/vnd.spring-boot.actuator.v1+json || application/json]}" onto public java.lang.Object org.springframework.boot.actuate.endpoint.mvc.EndpointMvcAdapter.invoke()
2017-10-11 10:43:20.361  INFO 6045 --- [main] o.s.b.a.e.mvc.EndpointHandlerMapping     : Mapped "{[/info || /info.json],methods=[GET],produces=[application/vnd.spring-boot.actuator.v1+json || application/json]}" onto public java.lang.Object org.springframework.boot.actuate.endpoint.mvc.EndpointMvcAdapter.invoke()
2017-10-11 10:43:20.362  INFO 6045 --- [main] o.s.b.a.e.mvc.EndpointHandlerMapping     : Mapped "{[/auditevents || /auditevents.json],methods=[GET],produces=[application/vnd.spring-boot.actuator.v1+json || application/json]}" onto public org.springframework.http.ResponseEntity<?> org.springframework.boot.actuate.endpoint.mvc.AuditEventsMvcEndpoint.findByPrincipalAndAfterAndType(java.lang.String,java.util.Date,java.lang.String)
2017-10-11 10:43:20.363  INFO 6045 --- [main] o.s.b.a.e.mvc.EndpointHandlerMapping     : Mapped "{[/trace || /trace.json],methods=[GET],produces=[application/vnd.spring-boot.actuator.v1+json || application/json]}" onto public java.lang.Object org.springframework.boot.actuate.endpoint.mvc.EndpointMvcAdapter.invoke()
2017-10-11 10:43:20.364  INFO 6045 --- [main] o.s.b.a.e.mvc.EndpointHandlerMapping     : Mapped "{[/beans || /beans.json],methods=[GET],produces=[application/vnd.spring-boot.actuator.v1+json || application/json]}" onto public java.lang.Object org.springframework.boot.actuate.endpoint.mvc.EndpointMvcAdapter.invoke()
2017-10-11 10:43:20.365  INFO 6045 --- [main] o.s.b.a.e.mvc.EndpointHandlerMapping     : Mapped "{[/autoconfig || /autoconfig.json],methods=[GET],produces=[application/vnd.spring-boot.actuator.v1+json || application/json]}" onto public java.lang.Object org.springframework.boot.actuate.endpoint.mvc.EndpointMvcAdapter.invoke()
2017-10-11 10:43:20.375  INFO 6045 --- [main] o.s.s.web.DefaultSecurityFilterChain     : Creating filter chain: org.springframework.boot.actuate.autoconfigure.ManagementWebSecurityAutoConfiguration$LazyEndpointPathRequestMatcher@ec7b5de, [org.springframework.security.web.context.request.async.WebAsyncManagerIntegrationFilter@4c19d42e, org.springframework.security.web.context.SecurityContextPersistenceFilter@20d33ea, org.springframework.security.web.header.HeaderWriterFilter@2f80cb79, org.springframework.web.filter.CorsFilter@373e6b9d, org.springframework.security.web.authentication.logout.LogoutFilter@34be065a, org.springframework.security.web.authentication.www.BasicAuthenticationFilter@3fc7c734, org.springframework.security.web.savedrequest.RequestCacheAwareFilter@73613ae5, org.springframework.security.web.servletapi.SecurityContextHolderAwareRequestFilter@5a13fcf3, org.springframework.security.web.authentication.AnonymousAuthenticationFilter@65629ac6, org.springframework.security.web.session.SessionManagementFilter@4816ee24, org.springframework.security.web.access.ExceptionTranslationFilter@2bbb44da, org.springframework.security.web.access.intercept.FilterSecurityInterceptor@53d2d002]
2017-10-11 10:43:21.183  INFO 6045 --- [main] o.s.j.e.a.AnnotationMBeanExporter        : Registering beans for JMX exposure on startup
2017-10-11 10:43:21.192  INFO 6045 --- [main] o.s.c.support.DefaultLifecycleProcessor  : Starting beans in phase 0
2017-10-11 10:43:21.276  INFO 6045 --- [main] s.b.c.e.t.TomcatEmbeddedServletContainer : Tomcat started on port(s): 8796 (http)
2017-10-11 10:43:21.280  INFO 6045 --- [main] c.e.s.c.d.DataCastleApplication          : Started DataCastleApplication in 5.255 seconds (JVM running for 5.829)
2017-10-11 10:43:41.737  INFO 6045 --- [http-nio-8796-exec-1] o.a.c.c.C.[Tomcat].[localhost].[/]       : Initializing Spring FrameworkServlet 'dispatcherServlet'
2017-10-11 10:43:41.738  INFO 6045 --- [http-nio-8796-exec-1] o.s.web.servlet.DispatcherServlet        : FrameworkServlet 'dispatcherServlet': initialization started
2017-10-11 10:43:41.753  INFO 6045 --- [http-nio-8796-exec-1] o.s.web.servlet.DispatcherServlet        : FrameworkServlet 'dispatcherServlet': initialization completed in 15 ms
2017-10-11 10:43:42.276  INFO 6045 --- [Thread-7] ationConfigEmbeddedWebApplicationContext : Closing org.springframework.boot.context.embedded.AnnotationConfigEmbeddedWebApplicationContext@6572421: startup date [Wed Oct 11 10:43:16 CST 2017]; root of context hierarchy
2017-10-11 10:43:42.278  INFO 6045 --- [Thread-7] o.s.c.support.DefaultLifecycleProcessor  : Stopping beans in phase 0
2017-10-11 10:43:42.280  INFO 6045 --- [Thread-7] o.s.j.e.a.AnnotationMBeanExporter        : Unregistering JMX-exposed beans on shutdown
2017-10-14 11:30:47.341  INFO 5072 --- [main] c.e.s.c.d.DataCastleApplication          : Starting DataCastleApplication on yang with PID 5072 (/home/yang/idea_work_space/data_castle/out/production/classes started by yang in /home/yang/idea_work_space/data_castle)
2017-10-14 11:30:47.353  INFO 5072 --- [main] c.e.s.c.d.DataCastleApplication          : No active profile set, falling back to default profiles: default
2017-10-14 11:30:47.492  INFO 5072 --- [main] ationConfigEmbeddedWebApplicationContext : Refreshing org.springframework.boot.context.embedded.AnnotationConfigEmbeddedWebApplicationContext@6b81ce95: startup date [Sat Oct 14 11:30:47 CST 2017]; root of context hierarchy
2017-10-14 11:30:49.427  INFO 5072 --- [main] .s.d.r.c.RepositoryConfigurationDelegate : Multiple Spring Data modules found, entering strict repository configuration mode!
2017-10-14 11:30:50.438  INFO 5072 --- [main] s.b.c.e.t.TomcatEmbeddedServletContainer : Tomcat initialized with port(s): 8796 (http)
2017-10-14 11:30:50.448  INFO 5072 --- [main] o.apache.catalina.core.StandardService   : Starting service [Tomcat]
2017-10-14 11:30:50.449  INFO 5072 --- [main] org.apache.catalina.core.StandardEngine  : Starting Servlet Engine: Apache Tomcat/8.5.20
2017-10-14 11:30:50.526  INFO 5072 --- [localhost-startStop-1] o.a.c.c.C.[Tomcat].[localhost].[/]       : Initializing Spring embedded WebApplicationContext
2017-10-14 11:30:50.526  INFO 5072 --- [localhost-startStop-1] o.s.web.context.ContextLoader            : Root WebApplicationContext: initialization completed in 3039 ms
2017-10-14 11:30:50.768  INFO 5072 --- [localhost-startStop-1] o.s.b.w.servlet.FilterRegistrationBean   : Mapping filter: 'metricsFilter' to: [/*]
2017-10-14 11:30:50.769  INFO 5072 --- [localhost-startStop-1] o.s.b.w.servlet.FilterRegistrationBean   : Mapping filter: 'characterEncodingFilter' to: [/*]
2017-10-14 11:30:50.770  INFO 5072 --- [localhost-startStop-1] .s.DelegatingFilterProxyRegistrationBean : Mapping filter: 'springSecurityFilterChain' to: [/*]
2017-10-14 11:30:50.771  INFO 5072 --- [localhost-startStop-1] o.s.b.w.servlet.FilterRegistrationBean   : Mapping filter: 'webRequestLoggingFilter' to: [/*]
2017-10-14 11:30:50.771  INFO 5072 --- [localhost-startStop-1] o.s.b.w.servlet.FilterRegistrationBean   : Mapping filter: 'applicationContextIdFilter' to: [/*]
2017-10-14 11:30:50.771  INFO 5072 --- [localhost-startStop-1] o.s.b.w.servlet.ServletRegistrationBean  : Mapping servlet: 'dispatcherServlet' to [/]
2017-10-14 11:30:50.898 ERROR 5072 --- [Thread-2] c.e.s.c.data_castle.utils.JedisAdapter   : 发生异常Could not get a resource from the pool
2017-10-14 11:30:51.695  INFO 5072 --- [main] s.w.s.m.m.a.RequestMappingHandlerMapping : Mapped "{[/dataCastle/user/signUp],methods=[POST]}" onto public org.springframework.http.ResponseEntity<?> cn.edu.swpu.cins.data_castle.controller.AuthController.userRegister(cn.edu.swpu.cins.data_castle.entity.dto.SignUp,java.lang.String) throws javax.mail.MessagingException
2017-10-14 11:30:51.697  INFO 5072 --- [main] s.w.s.m.m.a.RequestMappingHandlerMapping : Mapped "{[/dataCastle/user/verifyCode],methods=[GET]}" onto public org.springframework.http.ResponseEntity<?> cn.edu.swpu.cins.data_castle.controller.AuthController.getVerifyCodeForLogin(javax.servlet.http.HttpServletResponse)
2017-10-14 11:30:51.697  INFO 5072 --- [main] s.w.s.m.m.a.RequestMappingHandlerMapping : Mapped "{[/dataCastle/user/signIn],methods=[POST]}" onto public org.springframework.http.ResponseEntity<?> cn.edu.swpu.cins.data_castle.controller.AuthController.userLogin(cn.edu.swpu.cins.data_castle.entity.dto.SignInUser,java.lang.String)
2017-10-14 11:30:51.698  INFO 5072 --- [main] s.w.s.m.m.a.RequestMappingHandlerMapping : Mapped "{[/dataCastle/user/enable],methods=[GET]}" onto public org.springframework.http.ResponseEntity<?> cn.edu.swpu.cins.data_castle.controller.AuthController.userEnable(java.lang.String,java.lang.String)
2017-10-14 11:30:51.699  INFO 5072 --- [main] s.w.s.m.m.a.RequestMappingHandlerMapping : Mapped "{[/dataCastle/match/team],methods=[POST]}" onto public org.springframework.http.ResponseEntity<?> cn.edu.swpu.cins.data_castle.controller.MatchController.createTeam(cn.edu.swpu.cins.data_castle.entity.dto.MatchTeam) throws cn.edu.swpu.cins.data_castle.exception.MatchException
2017-10-14 11:30:51.699  INFO 5072 --- [main] s.w.s.m.m.a.RequestMappingHandlerMapping : Mapped "{[/dataCastle/match/answer],methods=[POST]}" onto public org.springframework.http.ResponseEntity<?> cn.edu.swpu.cins.data_castle.controller.MatchController.uploadFile(java.lang.String,org.springframework.web.multipart.MultipartFile)
2017-10-14 11:30:51.700  INFO 5072 --- [main] s.w.s.m.m.a.RequestMappingHandlerMapping : Mapped "{[/dataCastle/match/rankList],methods=[GET]}" onto public org.springframework.http.ResponseEntity<?> cn.edu.swpu.cins.data_castle.controller.MatchController.getRankList()
2017-10-14 11:30:51.702  INFO 5072 --- [main] s.w.s.m.m.a.RequestMappingHandlerMapping : Mapped "{[/error],produces=[text/html]}" onto public org.springframework.web.servlet.ModelAndView org.springframework.boot.autoconfigure.web.BasicErrorController.errorHtml(javax.servlet.http.HttpServletRequest,javax.servlet.http.HttpServletResponse)
2017-10-14 11:30:51.703  INFO 5072 --- [main] s.w.s.m.m.a.RequestMappingHandlerMapping : Mapped "{[/error]}" onto public org.springframework.http.ResponseEntity<java.util.Map<java.lang.String, java.lang.Object>> org.springframework.boot.autoconfigure.web.BasicErrorController.error(javax.servlet.http.HttpServletRequest)
2017-10-14 11:30:51.802  INFO 5072 --- [main] s.w.s.m.m.a.RequestMappingHandlerAdapter : Looking for @ControllerAdvice: org.springframework.boot.context.embedded.AnnotationConfigEmbeddedWebApplicationContext@6b81ce95: startup date [Sat Oct 14 11:30:47 CST 2017]; root of context hierarchy
2017-10-14 11:30:52.258  INFO 5072 --- [main] o.s.s.web.DefaultSecurityFilterChain     : Creating filter chain: org.springframework.security.web.util.matcher.AnyRequestMatcher@1, [org.springframework.security.web.context.request.async.WebAsyncManagerIntegrationFilter@6c184d4d, org.springframework.security.web.context.SecurityContextPersistenceFilter@7e91ed74, org.springframework.security.web.header.HeaderWriterFilter@71a3e05c, org.springframework.security.web.authentication.logout.LogoutFilter@33f17289, org.springframework.security.web.savedrequest.RequestCacheAwareFilter@7df28f1, org.springframework.security.web.servletapi.SecurityContextHolderAwareRequestFilter@4cffcc61, org.springframework.security.web.authentication.AnonymousAuthenticationFilter@7645f03e, org.springframework.security.web.session.SessionManagementFilter@72b6832e, org.springframework.security.web.access.ExceptionTranslationFilter@29050de5, org.springframework.security.web.access.intercept.FilterSecurityInterceptor@4c1d59cd]
2017-10-14 11:30:52.570  INFO 5072 --- [main] o.s.b.a.e.mvc.EndpointHandlerMapping     : Mapped "{[/heapdump || /heapdump.json],methods=[GET],produces=[application/octet-stream]}" onto public void org.springframework.boot.actuate.endpoint.mvc.HeapdumpMvcEndpoint.invoke(boolean,javax.servlet.http.HttpServletRequest,javax.servlet.http.HttpServletResponse) throws java.io.IOException,javax.servlet.ServletException
2017-10-14 11:30:52.571  INFO 5072 --- [main] o.s.b.a.e.mvc.EndpointHandlerMapping     : Mapped "{[/info || /info.json],methods=[GET],produces=[application/vnd.spring-boot.actuator.v1+json || application/json]}" onto public java.lang.Object org.springframework.boot.actuate.endpoint.mvc.EndpointMvcAdapter.invoke()
2017-10-14 11:30:52.571  INFO 5072 --- [main] o.s.b.a.e.mvc.EndpointHandlerMapping     : Mapped "{[/beans || /beans.json],methods=[GET],produces=[application/vnd.spring-boot.actuator.v1+json || application/json]}" onto public java.lang.Object org.springframework.boot.actuate.endpoint.mvc.EndpointMvcAdapter.invoke()
2017-10-14 11:30:52.572  INFO 5072 --- [main] o.s.b.a.e.mvc.EndpointHandlerMapping     : Mapped "{[/shutdown || /shutdown.json],methods=[POST],produces=[application/vnd.spring-boot.actuator.v1+json || application/json]}" onto public java.lang.Object org.springframework.boot.actuate.endpoint.mvc.ShutdownMvcEndpoint.invoke()
2017-10-14 11:30:52.573  INFO 5072 --- [main] o.s.b.a.e.mvc.EndpointHandlerMapping     : Mapped "{[/auditevents || /auditevents.json],methods=[GET],produces=[application/vnd.spring-boot.actuator.v1+json || application/json]}" onto public org.springframework.http.ResponseEntity<?> org.springframework.boot.actuate.endpoint.mvc.AuditEventsMvcEndpoint.findByPrincipalAndAfterAndType(java.lang.String,java.util.Date,java.lang.String)
2017-10-14 11:30:52.574  INFO 5072 --- [main] o.s.b.a.e.mvc.EndpointHandlerMapping     : Mapped "{[/health || /health.json],methods=[GET],produces=[application/vnd.spring-boot.actuator.v1+json || application/json]}" onto public java.lang.Object org.springframework.boot.actuate.endpoint.mvc.HealthMvcEndpoint.invoke(javax.servlet.http.HttpServletRequest,java.security.Principal)
2017-10-14 11:30:52.574  INFO 5072 --- [main] o.s.b.a.e.mvc.EndpointHandlerMapping     : Mapped "{[/trace || /trace.json],methods=[GET],produces=[application/vnd.spring-boot.actuator.v1+json || application/json]}" onto public java.lang.Object org.springframework.boot.actuate.endpoint.mvc.EndpointMvcAdapter.invoke()
2017-10-14 11:30:52.575  INFO 5072 --- [main] o.s.b.a.e.mvc.EndpointHandlerMapping     : Mapped "{[/dump || /dump.json],methods=[GET],produces=[application/vnd.spring-boot.actuator.v1+json || application/json]}" onto public java.lang.Object org.springframework.boot.actuate.endpoint.mvc.EndpointMvcAdapter.invoke()
2017-10-14 11:30:52.576  INFO 5072 --- [main] o.s.b.a.e.mvc.EndpointHandlerMapping     : Mapped "{[/metrics/{name:.*}],methods=[GET],produces=[application/vnd.spring-boot.actuator.v1+json || application/json]}" onto public java.lang.Object org.springframework.boot.actuate.endpoint.mvc.MetricsMvcEndpoint.value(java.lang.String)
2017-10-14 11:30:52.576  INFO 5072 --- [main] o.s.b.a.e.mvc.EndpointHandlerMapping     : Mapped "{[/metrics || /metrics.json],methods=[GET],produces=[application/vnd.spring-boot.actuator.v1+json || application/json]}" onto public java.lang.Object org.springframework.boot.actuate.endpoint.mvc.EndpointMvcAdapter.invoke()
2017-10-14 11:30:52.577  INFO 5072 --- [main] o.s.b.a.e.mvc.EndpointHandlerMapping     : Mapped "{[/logfile || /logfile.json],methods=[GET || HEAD]}" onto public void org.springframework.boot.actuate.endpoint.mvc.LogFileMvcEndpoint.invoke(javax.servlet.http.HttpServletRequest,javax.servlet.http.HttpServletResponse) throws javax.servlet.ServletException,java.io.IOException
2017-10-14 11:30:52.579  INFO 5072 --- [main] o.s.b.a.e.mvc.EndpointHandlerMapping     : Mapped "{[/loggers/{name:.*}],methods=[GET],produces=[application/vnd.spring-boot.actuator.v1+json || application/json]}" onto public java.lang.Object org.springframework.boot.actuate.endpoint.mvc.LoggersMvcEndpoint.get(java.lang.String)
2017-10-14 11:30:52.579  INFO 5072 --- [main] o.s.b.a.e.mvc.EndpointHandlerMapping     : Mapped "{[/loggers/{name:.*}],methods=[POST],consumes=[application/vnd.spring-boot.actuator.v1+json || application/json],produces=[application/vnd.spring-boot.actuator.v1+json || application/json]}" onto public java.lang.Object org.springframework.boot.actuate.endpoint.mvc.LoggersMvcEndpoint.set(java.lang.String,java.util.Map<java.lang.String, java.lang.String>)
2017-10-14 11:30:52.579  INFO 5072 --- [main] o.s.b.a.e.mvc.EndpointHandlerMapping     : Mapped "{[/loggers || /loggers.json],methods=[GET],produces=[application/vnd.spring-boot.actuator.v1+json || application/json]}" onto public java.lang.Object org.springframework.boot.actuate.endpoint.mvc.EndpointMvcAdapter.invoke()
2017-10-14 11:30:52.580  INFO 5072 --- [main] o.s.b.a.e.mvc.EndpointHandlerMapping     : Mapped "{[/configprops || /configprops.json],methods=[GET],produces=[application/vnd.spring-boot.actuator.v1+json || application/json]}" onto public java.lang.Object org.springframework.boot.actuate.endpoint.mvc.EndpointMvcAdapter.invoke()
2017-10-14 11:30:52.581  INFO 5072 --- [main] o.s.b.a.e.mvc.EndpointHandlerMapping     : Mapped "{[/mappings || /mappings.json],methods=[GET],produces=[application/vnd.spring-boot.actuator.v1+json || application/json]}" onto public java.lang.Object org.springframework.boot.actuate.endpoint.mvc.EndpointMvcAdapter.invoke()
2017-10-14 11:30:52.583  INFO 5072 --- [main] o.s.b.a.e.mvc.EndpointHandlerMapping     : Mapped "{[/autoconfig || /autoconfig.json],methods=[GET],produces=[application/vnd.spring-boot.actuator.v1+json || application/json]}" onto public java.lang.Object org.springframework.boot.actuate.endpoint.mvc.EndpointMvcAdapter.invoke()
2017-10-14 11:30:52.584  INFO 5072 --- [main] o.s.b.a.e.mvc.EndpointHandlerMapping     : Mapped "{[/env/{name:.*}],methods=[GET],produces=[application/vnd.spring-boot.actuator.v1+json || application/json]}" onto public java.lang.Object org.springframework.boot.actuate.endpoint.mvc.EnvironmentMvcEndpoint.value(java.lang.String)
2017-10-14 11:30:52.585  INFO 5072 --- [main] o.s.b.a.e.mvc.EndpointHandlerMapping     : Mapped "{[/env || /env.json],methods=[GET],produces=[application/vnd.spring-boot.actuator.v1+json || application/json]}" onto public java.lang.Object org.springframework.boot.actuate.endpoint.mvc.EndpointMvcAdapter.invoke()
2017-10-14 11:30:52.594  INFO 5072 --- [main] o.s.s.web.DefaultSecurityFilterChain     : Creating filter chain: org.springframework.boot.actuate.autoconfigure.ManagementWebSecurityAutoConfiguration$LazyEndpointPathRequestMatcher@2001e48c, [org.springframework.security.web.context.request.async.WebAsyncManagerIntegrationFilter@68ddd415, org.springframework.security.web.context.SecurityContextPersistenceFilter@9b5f3c7, org.springframework.security.web.header.HeaderWriterFilter@5dc769f9, org.springframework.web.filter.CorsFilter@306c7bf6, org.springframework.security.web.authentication.logout.LogoutFilter@2e1b374c, org.springframework.security.web.authentication.www.BasicAuthenticationFilter@51bddd98, org.springframework.security.web.savedrequest.RequestCacheAwareFilter@74024f3, org.springframework.security.web.servletapi.SecurityContextHolderAwareRequestFilter@61ae0d43, org.springframework.security.web.authentication.AnonymousAuthenticationFilter@664632e9, org.springframework.security.web.session.SessionManagementFilter@1b0e9707, org.springframework.security.web.access.ExceptionTranslationFilter@1c52552f, org.springframework.security.web.access.intercept.FilterSecurityInterceptor@5b40de43]
2017-10-14 11:30:53.368  INFO 5072 --- [main] o.s.j.e.a.AnnotationMBeanExporter        : Registering beans for JMX exposure on startup
2017-10-14 11:30:53.376  INFO 5072 --- [main] o.s.c.support.DefaultLifecycleProcessor  : Starting beans in phase 0
2017-10-14 11:30:53.466  INFO 5072 --- [main] s.b.c.e.t.TomcatEmbeddedServletContainer : Tomcat started on port(s): 8796 (http)
2017-10-14 11:30:53.471  INFO 5072 --- [main] c.e.s.c.d.DataCastleApplication          : Started DataCastleApplication in 7.19 seconds (JVM running for 8.394)
2017-10-14 11:39:03.461  INFO 5072 --- [http-nio-8796-exec-1] o.a.c.c.C.[Tomcat].[localhost].[/]       : Initializing Spring FrameworkServlet 'dispatcherServlet'
2017-10-14 11:39:03.461  INFO 5072 --- [http-nio-8796-exec-1] o.s.web.servlet.DispatcherServlet        : FrameworkServlet 'dispatcherServlet': initialization started
2017-10-14 11:39:03.476  INFO 5072 --- [http-nio-8796-exec-1] o.s.web.servlet.DispatcherServlet        : FrameworkServlet 'dispatcherServlet': initialization completed in 15 ms
2017-10-14 11:39:04.000  INFO 5072 --- [Thread-7] ationConfigEmbeddedWebApplicationContext : Closing org.springframework.boot.context.embedded.AnnotationConfigEmbeddedWebApplicationContext@6b81ce95: startup date [Sat Oct 14 11:30:47 CST 2017]; root of context hierarchy
2017-10-14 11:39:04.003  INFO 5072 --- [Thread-7] o.s.c.support.DefaultLifecycleProcessor  : Stopping beans in phase 0
2017-10-14 11:39:04.009  INFO 5072 --- [Thread-7] o.s.j.e.a.AnnotationMBeanExporter        : Unregistering JMX-exposed beans on shutdown
